2020-12-02 13:51:49.723  INFO 17116 --- [restartedMain] com.zyfgoup.AopDemoApplication           : Starting AopDemoApplication on LAPTOP-RB8GI1KH with PID 17116 (D:\springbootstudy\aop-demo\target\classes started by hah in D:\springbootstudy)
2020-12-02 13:51:49.723  INFO 17116 --- [restartedMain] com.zyfgoup.AopDemoApplication           : No active profile set, falling back to default profiles: default
2020-12-02 13:51:50.067  INFO 17116 --- [restartedMain] o.s.b.w.embedded.tomcat.TomcatWebServer  : Tomcat initialized with port(s): 8082 (http)
2020-12-02 13:51:50.068  INFO 17116 --- [restartedMain] o.apache.catalina.core.StandardService   : Starting service [Tomcat]
2020-12-02 13:51:50.068  INFO 17116 --- [restartedMain] org.apache.catalina.core.StandardEngine  : Starting Servlet engine: [Apache Tomcat/9.0.33]
2020-12-02 13:51:50.069  INFO 17116 --- [restartedMain] o.a.catalina.core.AprLifecycleListener   : An older version [1.2.19] of the APR based Apache Tomcat Native library is installed, while Tomcat recommends a minimum version of [1.2.23]
2020-12-02 13:51:50.069  INFO 17116 --- [restartedMain] o.a.catalina.core.AprLifecycleListener   : Loaded APR based Apache Tomcat Native library [1.2.19] using APR version [1.6.5].
2020-12-02 13:51:50.069  INFO 17116 --- [restartedMain] o.a.catalina.core.AprLifecycleListener   : APR capabilities: IPv6 [true], sendfile [true], accept filters [false], random [true].
2020-12-02 13:51:50.069  INFO 17116 --- [restartedMain] o.a.catalina.core.AprLifecycleListener   : APR/OpenSSL configuration: useAprConnector [false], useOpenSSL [true]
2020-12-02 13:51:50.070  INFO 17116 --- [restartedMain] o.a.catalina.core.AprLifecycleListener   : OpenSSL successfully initialized [OpenSSL 1.1.1a  20 Nov 2018]
2020-12-02 13:51:50.106  INFO 17116 --- [restartedMain] o.a.c.c.C.[Tomcat].[localhost].[/]       : Initializing Spring embedded WebApplicationContext
2020-12-02 13:51:50.106  INFO 17116 --- [restartedMain] o.s.web.context.ContextLoader            : Root WebApplicationContext: initialization completed in 380 ms
2020-12-02 13:51:50.360  INFO 17116 --- [restartedMain] o.s.s.concurrent.ThreadPoolTaskExecutor  : Initializing ExecutorService 'applicationTaskExecutor'
2020-12-02 13:51:50.540  INFO 17116 --- [restartedMain] o.s.b.d.a.OptionalLiveReloadServer       : LiveReload server is running on port 35729
2020-12-02 13:51:50.559  INFO 17116 --- [restartedMain] o.s.b.w.embedded.tomcat.TomcatWebServer  : Tomcat started on port(s): 8082 (http) with context path ''
2020-12-02 13:51:50.559  INFO 17116 --- [restartedMain] com.zyfgoup.AopDemoApplication           : Started AopDemoApplication in 0.868 seconds (JVM running for 733.005)
2020-12-02 13:51:50.560  INFO 17116 --- [restartedMain] .ConditionEvaluationDeltaLoggingListener : Condition evaluation unchanged
2020-12-02 13:52:17.509  INFO 17116 --- [http-nio-8082-exec-3] o.a.c.c.C.[Tomcat].[localhost].[/]       : Initializing Spring DispatcherServlet 'dispatcherServlet'
2020-12-02 13:52:17.510  INFO 17116 --- [http-nio-8082-exec-3] o.s.web.servlet.DispatcherServlet        : Initializing Servlet 'dispatcherServlet'
2020-12-02 13:52:17.518  INFO 17116 --- [http-nio-8082-exec-3] o.s.web.servlet.DispatcherServlet        : Completed initialization in 8 ms
2020-12-02 13:52:17.522  INFO 17116 --- [http-nio-8082-exec-3] com.zyfgoup.aspect.LogAspect             : ----------------我是在--调用controller层方法前--调用的方法
2020-12-02 13:56:43.291  INFO 17116 --- [Thread-34] o.s.s.concurrent.ThreadPoolTaskExecutor  : Shutting down ExecutorService 'applicationTaskExecutor'
2020-12-02 13:56:43.870  INFO 17116 --- [restartedMain] com.zyfgoup.AopDemoApplication           : Starting AopDemoApplication on LAPTOP-RB8GI1KH with PID 17116 (D:\springbootstudy\aop-demo\target\classes started by hah in D:\springbootstudy)
2020-12-02 13:56:43.871  INFO 17116 --- [restartedMain] com.zyfgoup.AopDemoApplication           : No active profile set, falling back to default profiles: default
2020-12-02 13:56:44.339  INFO 17116 --- [restartedMain] o.s.b.w.embedded.tomcat.TomcatWebServer  : Tomcat initialized with port(s): 8082 (http)
2020-12-02 13:56:44.340  INFO 17116 --- [restartedMain] o.apache.catalina.core.StandardService   : Starting service [Tomcat]
2020-12-02 13:56:44.340  INFO 17116 --- [restartedMain] org.apache.catalina.core.StandardEngine  : Starting Servlet engine: [Apache Tomcat/9.0.33]
2020-12-02 13:56:44.341  INFO 17116 --- [restartedMain] o.a.catalina.core.AprLifecycleListener   : An older version [1.2.19] of the APR based Apache Tomcat Native library is installed, while Tomcat recommends a minimum version of [1.2.23]
2020-12-02 13:56:44.341  INFO 17116 --- [restartedMain] o.a.catalina.core.AprLifecycleListener   : Loaded APR based Apache Tomcat Native library [1.2.19] using APR version [1.6.5].
2020-12-02 13:56:44.342  INFO 17116 --- [restartedMain] o.a.catalina.core.AprLifecycleListener   : APR capabilities: IPv6 [true], sendfile [true], accept filters [false], random [true].
2020-12-02 13:56:44.342  INFO 17116 --- [restartedMain] o.a.catalina.core.AprLifecycleListener   : APR/OpenSSL configuration: useAprConnector [false], useOpenSSL [true]
2020-12-02 13:56:44.342  INFO 17116 --- [restartedMain] o.a.catalina.core.AprLifecycleListener   : OpenSSL successfully initialized [OpenSSL 1.1.1a  20 Nov 2018]
2020-12-02 13:56:44.388  INFO 17116 --- [restartedMain] o.a.c.c.C.[Tomcat].[localhost].[/]       : Initializing Spring embedded WebApplicationContext
2020-12-02 13:56:44.388  INFO 17116 --- [restartedMain] o.s.web.context.ContextLoader            : Root WebApplicationContext: initialization completed in 514 ms
2020-12-02 13:56:44.658  INFO 17116 --- [restartedMain] o.s.s.concurrent.ThreadPoolTaskExecutor  : Initializing ExecutorService 'applicationTaskExecutor'
2020-12-02 13:56:44.806  INFO 17116 --- [restartedMain] o.s.b.d.a.OptionalLiveReloadServer       : LiveReload server is running on port 35729
2020-12-02 13:56:44.818  INFO 17116 --- [restartedMain] o.s.b.w.embedded.tomcat.TomcatWebServer  : Tomcat started on port(s): 8082 (http) with context path ''
2020-12-02 13:56:44.819  INFO 17116 --- [restartedMain] com.zyfgoup.AopDemoApplication           : Started AopDemoApplication in 0.985 seconds (JVM running for 1027.265)
2020-12-02 13:56:44.820  INFO 17116 --- [restartedMain] .ConditionEvaluationDeltaLoggingListener : Condition evaluation unchanged
